Aug 26, 2019 1:14:20 PM org.apache.catalina.startup.VersionLoggerListener log
INFO: Server version:        Apache Tomcat/7.0.63
Aug 26, 2019 1:14:20 PM org.apache.catalina.startup.VersionLoggerListener log
INFO: Server built:          Jun 30 2015 08:08:33 UTC
Aug 26, 2019 1:14:20 PM org.apache.catalina.startup.VersionLoggerListener log
INFO: Server number:         7.0.63.0
Aug 26, 2019 1:14:20 PM org.apache.catalina.startup.VersionLoggerListener log
INFO: OS Name:               Linux
Aug 26, 2019 1:14:20 PM org.apache.catalina.startup.VersionLoggerListener log
INFO: OS Version:            5.0.0-25-generic
Aug 26, 2019 1:14:20 PM org.apache.catalina.startup.VersionLoggerListener log
INFO: Architecture:          amd64
Aug 26, 2019 1:14:20 PM org.apache.catalina.startup.VersionLoggerListener log
INFO: Java Home:             /usr/lib/jvm/java-8-openjdk-amd64/jre
Aug 26, 2019 1:14:20 PM org.apache.catalina.startup.VersionLoggerListener log
INFO: JVM Version:           1.8.0_91-8u91-b14-1~bpo8+1-b14
Aug 26, 2019 1:14:20 PM org.apache.catalina.startup.VersionLoggerListener log
INFO: JVM Vendor:            Oracle Corporation
Aug 26, 2019 1:14:20 PM org.apache.catalina.startup.VersionLoggerListener log
INFO: CATALINA_BASE:         /opt/tomcat
Aug 26, 2019 1:14:20 PM org.apache.catalina.startup.VersionLoggerListener log
INFO: CATALINA_HOME:         /opt/tomcat
Aug 26, 2019 1:14:20 PM org.apache.catalina.startup.VersionLoggerListener log
INFO: Command line argument: -Djava.util.logging.config.file=/opt/tomcat/conf/logging.properties
Aug 26, 2019 1:14:20 PM org.apache.catalina.startup.VersionLoggerListener log
INFO: Command line argument: -Djava.util.logging.manager=org.apache.juli.ClassLoaderLogManager
Aug 26, 2019 1:14:20 PM org.apache.catalina.startup.VersionLoggerListener log
INFO: Command line argument: -Djava.endorsed.dirs=/opt/tomcat/endorsed
Aug 26, 2019 1:14:20 PM org.apache.catalina.startup.VersionLoggerListener log
INFO: Command line argument: -Dcatalina.base=/opt/tomcat
Aug 26, 2019 1:14:20 PM org.apache.catalina.startup.VersionLoggerListener log
INFO: Command line argument: -Dcatalina.home=/opt/tomcat
Aug 26, 2019 1:14:20 PM org.apache.catalina.startup.VersionLoggerListener log
INFO: Command line argument: -Djava.io.tmpdir=/opt/tomcat/temp
Aug 26, 2019 1:14:20 PM org.apache.catalina.core.AprLifecycleListener lifecycleEvent
INFO: The APR based Apache Tomcat Native library which allows optimal performance in production environments was not found on the java.library.path: /usr/java/packages/lib/amd64:/usr/lib/x86_64-linux-gnu/jni:/lib/x86_64-linux-gnu:/usr/lib/x86_64-linux-gnu:/usr/lib/jni:/lib:/usr/lib
Aug 26, 2019 1:14:20 PM org.apache.coyote.AbstractProtocol init
INFO: Initializing ProtocolHandler ["http-bio-8080"]
Aug 26, 2019 1:14:20 PM org.apache.coyote.AbstractProtocol init
INFO: Initializing ProtocolHandler ["ajp-bio-8009"]
Aug 26, 2019 1:14:20 PM org.apache.catalina.startup.Catalina load
INFO: Initialization processed in 458 ms
Aug 26, 2019 1:14:20 PM org.apache.catalina.core.StandardService startInternal
INFO: Starting service Catalina
Aug 26, 2019 1:14:20 PM org.apache.catalina.core.StandardEngine startInternal
INFO: Starting Servlet Engine: Apache Tomcat/7.0.63
Aug 26, 2019 1:14:20 PM org.apache.catalina.startup.HostConfig deployDirectory
INFO: Deploying web application directory /opt/apache-tomcat-7.0.63/webapps/ROOT
Aug 26, 2019 1:14:21 PM org.apache.catalina.startup.HostConfig deployDirectory
INFO: Deployment of web application directory /opt/apache-tomcat-7.0.63/webapps/ROOT has finished in 523 ms
Aug 26, 2019 1:14:21 PM org.apache.catalina.startup.HostConfig deployDirectory
INFO: Deploying web application directory /opt/apache-tomcat-7.0.63/webapps/host-manager
Aug 26, 2019 1:14:21 PM org.apache.catalina.startup.HostConfig deployDirectory
INFO: Deployment of web application directory /opt/apache-tomcat-7.0.63/webapps/host-manager has finished in 79 ms
Aug 26, 2019 1:14:21 PM org.apache.catalina.startup.HostConfig deployDirectory
INFO: Deploying web application directory /opt/apache-tomcat-7.0.63/webapps/examples
Aug 26, 2019 1:14:21 PM org.apache.catalina.startup.HostConfig deployDirectory
INFO: Deployment of web application directory /opt/apache-tomcat-7.0.63/webapps/examples has finished in 311 ms
Aug 26, 2019 1:14:21 PM org.apache.catalina.startup.HostConfig deployDirectory
INFO: Deploying web application directory /opt/apache-tomcat-7.0.63/webapps/docs
Aug 26, 2019 1:14:21 PM org.apache.catalina.startup.HostConfig deployDirectory
INFO: Deployment of web application directory /opt/apache-tomcat-7.0.63/webapps/docs has finished in 70 ms
Aug 26, 2019 1:14:21 PM org.apache.catalina.startup.HostConfig deployDirectory
INFO: Deploying web application directory /opt/apache-tomcat-7.0.63/webapps/manager
Aug 26, 2019 1:14:21 PM org.apache.catalina.startup.HostConfig deployDirectory
INFO: Deployment of web application directory /opt/apache-tomcat-7.0.63/webapps/manager has finished in 75 ms
Aug 26, 2019 1:14:21 PM org.apache.coyote.AbstractProtocol start
INFO: Starting ProtocolHandler ["http-bio-8080"]
Aug 26, 2019 1:14:21 PM org.apache.coyote.AbstractProtocol start
INFO: Starting ProtocolHandler ["ajp-bio-8009"]
Aug 26, 2019 1:14:21 PM org.apache.catalina.startup.Catalina start
INFO: Server startup in 1184 ms
Aug 26, 2019 1:14:26 PM org.apache.catalina.startup.HostConfig deployWAR
INFO: Deploying web application archive /opt/apache-tomcat-7.0.63/webapps/pippo.war
Aug 26, 2019 1:14:26 PM org.apache.catalina.loader.WebappClassLoader validateJarFile
INFO: validateJarFile(/opt/tomcat/webapps/pippo/WEB-INF/lib/javax.servlet-api-3.1.0.jar) - jar not loaded. See Servlet Spec 3.0, section 10.7.2. Offending class: javax/servlet/Servlet.class
Aug 26, 2019 1:14:27 PM org.apache.catalina.startup.TldConfig execute
INFO: At least one JAR was scanned for TLDs yet contained no TLDs. Enable debug logging for this logger for a complete list of JARs that were scanned but no TLDs were found in them. Skipping unneeded JARs during scanning can improve startup time and JSP compilation time.
Aug 26, 2019 1:14:27 PM org.apache.catalina.startup.HostConfig deployWAR
INFO: Deployment of web application archive /opt/apache-tomcat-7.0.63/webapps/pippo.war has finished in 660 ms
Aug 26, 2019 1:35:37 PM org.apache.catalina.startup.VersionLoggerListener log
INFO: Server version:        Apache Tomcat/7.0.63
Aug 26, 2019 1:35:37 PM org.apache.catalina.startup.VersionLoggerListener log
INFO: Server built:          Jun 30 2015 08:08:33 UTC
Aug 26, 2019 1:35:37 PM org.apache.catalina.startup.VersionLoggerListener log
INFO: Server number:         7.0.63.0
Aug 26, 2019 1:35:37 PM org.apache.catalina.startup.VersionLoggerListener log
INFO: OS Name:               Linux
Aug 26, 2019 1:35:37 PM org.apache.catalina.startup.VersionLoggerListener log
INFO: OS Version:            5.0.0-25-generic
Aug 26, 2019 1:35:37 PM org.apache.catalina.startup.VersionLoggerListener log
INFO: Architecture:          amd64
Aug 26, 2019 1:35:37 PM org.apache.catalina.startup.VersionLoggerListener log
INFO: Java Home:             /usr/lib/jvm/java-8-openjdk-amd64/jre
Aug 26, 2019 1:35:37 PM org.apache.catalina.startup.VersionLoggerListener log
INFO: JVM Version:           1.8.0_91-8u91-b14-1~bpo8+1-b14
Aug 26, 2019 1:35:37 PM org.apache.catalina.startup.VersionLoggerListener log
INFO: JVM Vendor:            Oracle Corporation
Aug 26, 2019 1:35:37 PM org.apache.catalina.startup.VersionLoggerListener log
INFO: CATALINA_BASE:         /opt/tomcat
Aug 26, 2019 1:35:37 PM org.apache.catalina.startup.VersionLoggerListener log
INFO: CATALINA_HOME:         /opt/tomcat
Aug 26, 2019 1:35:37 PM org.apache.catalina.startup.VersionLoggerListener log
INFO: Command line argument: -Djava.util.logging.config.file=/opt/tomcat/conf/logging.properties
Aug 26, 2019 1:35:37 PM org.apache.catalina.startup.VersionLoggerListener log
INFO: Command line argument: -Djava.util.logging.manager=org.apache.juli.ClassLoaderLogManager
Aug 26, 2019 1:35:37 PM org.apache.catalina.startup.VersionLoggerListener log
INFO: Command line argument: -Djava.endorsed.dirs=/opt/tomcat/endorsed
Aug 26, 2019 1:35:37 PM org.apache.catalina.startup.VersionLoggerListener log
INFO: Command line argument: -Dcatalina.base=/opt/tomcat
Aug 26, 2019 1:35:37 PM org.apache.catalina.startup.VersionLoggerListener log
INFO: Command line argument: -Dcatalina.home=/opt/tomcat
Aug 26, 2019 1:35:37 PM org.apache.catalina.startup.VersionLoggerListener log
INFO: Command line argument: -Djava.io.tmpdir=/opt/tomcat/temp
Aug 26, 2019 1:35:37 PM org.apache.catalina.core.AprLifecycleListener lifecycleEvent
INFO: The APR based Apache Tomcat Native library which allows optimal performance in production environments was not found on the java.library.path: /usr/java/packages/lib/amd64:/usr/lib/x86_64-linux-gnu/jni:/lib/x86_64-linux-gnu:/usr/lib/x86_64-linux-gnu:/usr/lib/jni:/lib:/usr/lib
Aug 26, 2019 1:35:37 PM org.apache.coyote.AbstractProtocol init
INFO: Initializing ProtocolHandler ["http-bio-8080"]
Aug 26, 2019 1:35:37 PM org.apache.coyote.AbstractProtocol init
INFO: Initializing ProtocolHandler ["ajp-bio-8009"]
Aug 26, 2019 1:35:37 PM org.apache.catalina.startup.Catalina load
INFO: Initialization processed in 462 ms
Aug 26, 2019 1:35:37 PM org.apache.catalina.core.StandardService startInternal
INFO: Starting service Catalina
Aug 26, 2019 1:35:37 PM org.apache.catalina.core.StandardEngine startInternal
INFO: Starting Servlet Engine: Apache Tomcat/7.0.63
Aug 26, 2019 1:35:37 PM org.apache.catalina.startup.HostConfig deployDirectory
INFO: Deploying web application directory /opt/apache-tomcat-7.0.63/webapps/ROOT
Aug 26, 2019 1:35:38 PM org.apache.catalina.startup.HostConfig deployDirectory
INFO: Deployment of web application directory /opt/apache-tomcat-7.0.63/webapps/ROOT has finished in 507 ms
Aug 26, 2019 1:35:38 PM org.apache.catalina.startup.HostConfig deployDirectory
INFO: Deploying web application directory /opt/apache-tomcat-7.0.63/webapps/host-manager
Aug 26, 2019 1:35:38 PM org.apache.catalina.startup.HostConfig deployDirectory
INFO: Deployment of web application directory /opt/apache-tomcat-7.0.63/webapps/host-manager has finished in 157 ms
Aug 26, 2019 1:35:38 PM org.apache.catalina.startup.HostConfig deployDirectory
INFO: Deploying web application directory /opt/apache-tomcat-7.0.63/webapps/examples
Aug 26, 2019 1:35:38 PM org.apache.catalina.startup.HostConfig deployDirectory
INFO: Deployment of web application directory /opt/apache-tomcat-7.0.63/webapps/examples has finished in 213 ms
Aug 26, 2019 1:35:38 PM org.apache.catalina.startup.HostConfig deployDirectory
INFO: Deploying web application directory /opt/apache-tomcat-7.0.63/webapps/docs
Aug 26, 2019 1:35:38 PM org.apache.catalina.startup.HostConfig deployDirectory
INFO: Deployment of web application directory /opt/apache-tomcat-7.0.63/webapps/docs has finished in 32 ms
Aug 26, 2019 1:35:38 PM org.apache.catalina.startup.HostConfig deployDirectory
INFO: Deploying web application directory /opt/apache-tomcat-7.0.63/webapps/manager
Aug 26, 2019 1:35:38 PM org.apache.catalina.startup.HostConfig deployDirectory
INFO: Deployment of web application directory /opt/apache-tomcat-7.0.63/webapps/manager has finished in 49 ms
Aug 26, 2019 1:35:38 PM org.apache.coyote.AbstractProtocol start
INFO: Starting ProtocolHandler ["http-bio-8080"]
Aug 26, 2019 1:35:38 PM org.apache.coyote.AbstractProtocol start
INFO: Starting ProtocolHandler ["ajp-bio-8009"]
Aug 26, 2019 1:35:38 PM org.apache.catalina.startup.Catalina start
INFO: Server startup in 1042 ms
Aug 26, 2019 1:35:43 PM org.apache.catalina.startup.HostConfig deployWAR
INFO: Deploying web application archive /opt/apache-tomcat-7.0.63/webapps/pippo.war
Aug 26, 2019 1:35:43 PM org.apache.catalina.loader.WebappClassLoader validateJarFile
INFO: validateJarFile(/opt/tomcat/webapps/pippo/WEB-INF/lib/javax.servlet-api-3.1.0.jar) - jar not loaded. See Servlet Spec 3.0, section 10.7.2. Offending class: javax/servlet/Servlet.class
Aug 26, 2019 1:35:44 PM org.apache.catalina.startup.TldConfig execute
INFO: At least one JAR was scanned for TLDs yet contained no TLDs. Enable debug logging for this logger for a complete list of JARs that were scanned but no TLDs were found in them. Skipping unneeded JARs during scanning can improve startup time and JSP compilation time.
Aug 26, 2019 1:35:44 PM org.apache.catalina.startup.HostConfig deployWAR
INFO: Deployment of web application archive /opt/apache-tomcat-7.0.63/webapps/pippo.war has finished in 592 ms
Aug 26, 2019 1:38:05 PM org.apache.catalina.startup.VersionLoggerListener log
INFO: Server version:        Apache Tomcat/7.0.63
Aug 26, 2019 1:38:05 PM org.apache.catalina.startup.VersionLoggerListener log
INFO: Server built:          Jun 30 2015 08:08:33 UTC
Aug 26, 2019 1:38:05 PM org.apache.catalina.startup.VersionLoggerListener log
INFO: Server number:         7.0.63.0
Aug 26, 2019 1:38:05 PM org.apache.catalina.startup.VersionLoggerListener log
INFO: OS Name:               Linux
Aug 26, 2019 1:38:05 PM org.apache.catalina.startup.VersionLoggerListener log
INFO: OS Version:            5.0.0-25-generic
Aug 26, 2019 1:38:05 PM org.apache.catalina.startup.VersionLoggerListener log
INFO: Architecture:          amd64
Aug 26, 2019 1:38:05 PM org.apache.catalina.startup.VersionLoggerListener log
INFO: Java Home:             /usr/lib/jvm/java-8-openjdk-amd64/jre
Aug 26, 2019 1:38:05 PM org.apache.catalina.startup.VersionLoggerListener log
INFO: JVM Version:           1.8.0_91-8u91-b14-1~bpo8+1-b14
Aug 26, 2019 1:38:05 PM org.apache.catalina.startup.VersionLoggerListener log
INFO: JVM Vendor:            Oracle Corporation
Aug 26, 2019 1:38:05 PM org.apache.catalina.startup.VersionLoggerListener log
INFO: CATALINA_BASE:         /opt/tomcat
Aug 26, 2019 1:38:05 PM org.apache.catalina.startup.VersionLoggerListener log
INFO: CATALINA_HOME:         /opt/tomcat
Aug 26, 2019 1:38:05 PM org.apache.catalina.startup.VersionLoggerListener log
INFO: Command line argument: -Djava.util.logging.config.file=/opt/tomcat/conf/logging.properties
Aug 26, 2019 1:38:05 PM org.apache.catalina.startup.VersionLoggerListener log
INFO: Command line argument: -Djava.util.logging.manager=org.apache.juli.ClassLoaderLogManager
Aug 26, 2019 1:38:05 PM org.apache.catalina.startup.VersionLoggerListener log
INFO: Command line argument: -Djava.endorsed.dirs=/opt/tomcat/endorsed
Aug 26, 2019 1:38:05 PM org.apache.catalina.startup.VersionLoggerListener log
INFO: Command line argument: -Dcatalina.base=/opt/tomcat
Aug 26, 2019 1:38:05 PM org.apache.catalina.startup.VersionLoggerListener log
INFO: Command line argument: -Dcatalina.home=/opt/tomcat
Aug 26, 2019 1:38:05 PM org.apache.catalina.startup.VersionLoggerListener log
INFO: Command line argument: -Djava.io.tmpdir=/opt/tomcat/temp
Aug 26, 2019 1:38:05 PM org.apache.catalina.core.AprLifecycleListener lifecycleEvent
INFO: The APR based Apache Tomcat Native library which allows optimal performance in production environments was not found on the java.library.path: /usr/java/packages/lib/amd64:/usr/lib/x86_64-linux-gnu/jni:/lib/x86_64-linux-gnu:/usr/lib/x86_64-linux-gnu:/usr/lib/jni:/lib:/usr/lib
Aug 26, 2019 1:38:05 PM org.apache.coyote.AbstractProtocol init
INFO: Initializing ProtocolHandler ["http-bio-8080"]
Aug 26, 2019 1:38:05 PM org.apache.coyote.AbstractProtocol init
INFO: Initializing ProtocolHandler ["ajp-bio-8009"]
Aug 26, 2019 1:38:05 PM org.apache.catalina.startup.Catalina load
INFO: Initialization processed in 492 ms
Aug 26, 2019 1:38:05 PM org.apache.catalina.core.StandardService startInternal
INFO: Starting service Catalina
Aug 26, 2019 1:38:05 PM org.apache.catalina.core.StandardEngine startInternal
INFO: Starting Servlet Engine: Apache Tomcat/7.0.63
Aug 26, 2019 1:38:05 PM org.apache.catalina.startup.HostConfig deployDirectory
INFO: Deploying web application directory /opt/apache-tomcat-7.0.63/webapps/ROOT
Aug 26, 2019 1:38:05 PM org.apache.catalina.startup.HostConfig deployDirectory
INFO: Deployment of web application directory /opt/apache-tomcat-7.0.63/webapps/ROOT has finished in 636 ms
Aug 26, 2019 1:38:05 PM org.apache.catalina.startup.HostConfig deployDirectory
INFO: Deploying web application directory /opt/apache-tomcat-7.0.63/webapps/host-manager
Aug 26, 2019 1:38:05 PM org.apache.catalina.startup.HostConfig deployDirectory
INFO: Deployment of web application directory /opt/apache-tomcat-7.0.63/webapps/host-manager has finished in 83 ms
Aug 26, 2019 1:38:05 PM org.apache.catalina.startup.HostConfig deployDirectory
INFO: Deploying web application directory /opt/apache-tomcat-7.0.63/webapps/examples
Aug 26, 2019 1:38:06 PM org.apache.catalina.startup.HostConfig deployDirectory
INFO: Deployment of web application directory /opt/apache-tomcat-7.0.63/webapps/examples has finished in 396 ms
Aug 26, 2019 1:38:06 PM org.apache.catalina.startup.HostConfig deployDirectory
INFO: Deploying web application directory /opt/apache-tomcat-7.0.63/webapps/docs
Aug 26, 2019 1:38:06 PM org.apache.catalina.startup.HostConfig deployDirectory
INFO: Deployment of web application directory /opt/apache-tomcat-7.0.63/webapps/docs has finished in 79 ms
Aug 26, 2019 1:38:06 PM org.apache.catalina.startup.HostConfig deployDirectory
INFO: Deploying web application directory /opt/apache-tomcat-7.0.63/webapps/manager
Aug 26, 2019 1:38:06 PM org.apache.catalina.startup.HostConfig deployDirectory
INFO: Deployment of web application directory /opt/apache-tomcat-7.0.63/webapps/manager has finished in 58 ms
Aug 26, 2019 1:38:06 PM org.apache.coyote.AbstractProtocol start
INFO: Starting ProtocolHandler ["http-bio-8080"]
Aug 26, 2019 1:38:06 PM org.apache.coyote.AbstractProtocol start
INFO: Starting ProtocolHandler ["ajp-bio-8009"]
Aug 26, 2019 1:38:06 PM org.apache.catalina.startup.Catalina start
INFO: Server startup in 1321 ms
Aug 26, 2019 1:38:11 PM org.apache.catalina.startup.HostConfig deployWAR
INFO: Deploying web application archive /opt/apache-tomcat-7.0.63/webapps/pippo.war
Aug 26, 2019 1:38:11 PM org.apache.catalina.loader.WebappClassLoader validateJarFile
INFO: validateJarFile(/opt/tomcat/webapps/pippo/WEB-INF/lib/javax.servlet-api-3.1.0.jar) - jar not loaded. See Servlet Spec 3.0, section 10.7.2. Offending class: javax/servlet/Servlet.class
Aug 26, 2019 1:38:11 PM org.apache.catalina.startup.TldConfig execute
INFO: At least one JAR was scanned for TLDs yet contained no TLDs. Enable debug logging for this logger for a complete list of JARs that were scanned but no TLDs were found in them. Skipping unneeded JARs during scanning can improve startup time and JSP compilation time.
Aug 26, 2019 1:38:11 PM org.apache.catalina.startup.HostConfig deployWAR
INFO: Deployment of web application archive /opt/apache-tomcat-7.0.63/webapps/pippo.war has finished in 636 ms
