Aug 26, 2019 1:14:26 PM org.apache.catalina.core.ApplicationContext log
INFO: Manager: init: Associated with Deployer 'Catalina:type=Deployer,host=localhost'
Aug 26, 2019 1:14:26 PM org.apache.catalina.core.ApplicationContext log
INFO: Manager: init: Global resources are available
Aug 26, 2019 1:14:26 PM org.apache.catalina.core.ApplicationContext log
INFO: Manager: deploy: Deploying web application '/pippo'
Aug 26, 2019 1:14:26 PM org.apache.catalina.core.ApplicationContext log
INFO: Manager: Uploading WAR file to /opt/tomcat/webapps/pippo.war
Aug 26, 2019 1:35:43 PM org.apache.catalina.core.ApplicationContext log
INFO: Manager: init: Associated with Deployer 'Catalina:type=Deployer,host=localhost'
Aug 26, 2019 1:35:43 PM org.apache.catalina.core.ApplicationContext log
INFO: Manager: init: Global resources are available
Aug 26, 2019 1:35:43 PM org.apache.catalina.core.ApplicationContext log
INFO: Manager: deploy: Deploying web application '/pippo'
Aug 26, 2019 1:35:43 PM org.apache.catalina.core.ApplicationContext log
INFO: Manager: Uploading WAR file to /opt/tomcat/webapps/pippo.war
Aug 26, 2019 1:38:11 PM org.apache.catalina.core.ApplicationContext log
INFO: Manager: init: Associated with Deployer 'Catalina:type=Deployer,host=localhost'
Aug 26, 2019 1:38:11 PM org.apache.catalina.core.ApplicationContext log
INFO: Manager: init: Global resources are available
Aug 26, 2019 1:38:11 PM org.apache.catalina.core.ApplicationContext log
INFO: Manager: deploy: Deploying web application '/pippo'
Aug 26, 2019 1:38:11 PM org.apache.catalina.core.ApplicationContext log
INFO: Manager: Uploading WAR file to /opt/tomcat/webapps/pippo.war
